c:\users\di918039\source\repos\cs1pr-portfolio\project-visual-studio\springproject\x64\debug\vc142.pdb
c:\users\di918039\source\repos\cs1pr-portfolio\project-visual-studio\springproject\x64\debug\vc142.idb
c:\users\di918039\source\repos\cs1pr-portfolio\project-visual-studio\springproject\x64\debug\util.obj
c:\users\di918039\source\repos\cs1pr-portfolio\project-visual-studio\springproject\x64\debug\textures.obj
c:\users\di918039\source\repos\cs1pr-portfolio\project-visual-studio\springproject\x64\debug\text.obj
c:\users\di918039\source\repos\cs1pr-portfolio\project-visual-studio\springproject\x64\debug\stage.obj
c:\users\di918039\source\repos\cs1pr-portfolio\project-visual-studio\springproject\x64\debug\sound.obj
c:\users\di918039\source\repos\cs1pr-portfolio\project-visual-studio\springproject\x64\debug\player.obj
c:\users\di918039\source\repos\cs1pr-portfolio\project-visual-studio\springproject\x64\debug\platform.obj
c:\users\di918039\source\repos\cs1pr-portfolio\project-visual-studio\springproject\x64\debug\pizza.obj
c:\users\di918039\source\repos\cs1pr-portfolio\project-visual-studio\springproject\x64\debug\map.obj
c:\users\di918039\source\repos\cs1pr-portfolio\project-visual-studio\springproject\x64\debug\main.obj
c:\users\di918039\source\repos\cs1pr-portfolio\project-visual-studio\springproject\x64\debug\io.obj
c:\users\di918039\source\repos\cs1pr-portfolio\project-visual-studio\springproject\x64\debug\input.obj
c:\users\di918039\source\repos\cs1pr-portfolio\project-visual-studio\springproject\x64\debug\init.obj
c:\users\di918039\source\repos\cs1pr-portfolio\project-visual-studio\springproject\x64\debug\entities.obj
c:\users\di918039\source\repos\cs1pr-portfolio\project-visual-studio\springproject\x64\debug\draw.obj
c:\users\di918039\source\repos\cs1pr-portfolio\project-visual-studio\springproject\x64\debug\camera.obj
c:\users\di918039\source\repos\cs1pr-portfolio\project-visual-studio\springproject\x64\debug\block.obj
c:\users\di918039\source\repos\cs1pr-portfolio\project-visual-studio\springproject\x64\debug\main2.obj
c:\users\di918039\source\repos\cs1pr-portfolio\project-visual-studio\springproject\x64\debug\springproject.ilk
c:\users\di918039\source\repos\cs1pr-portfolio\project-visual-studio\springproject\x64\debug\springproject.exe
c:\users\di918039\source\repos\cs1pr-portfolio\project-visual-studio\springproject\x64\debug\springproject.pdb
c:\users\di918039\source\repos\cs1pr-portfolio\project-visual-studio\springproject\x64\debug\mqin.obj
c:\users\di918039\source\repos\cs1pr-portfolio\project-visual-studio\springproject\x64\debug\source.obj
c:\users\di918039\source\repos\cs1pr-portfolio\project-visual-studio\springproject\x64\debug\block.nativecodeanalysis.xml
c:\users\di918039\source\repos\cs1pr-portfolio\project-visual-studio\springproject\x64\debug\camera.nativecodeanalysis.xml
c:\users\di918039\source\repos\cs1pr-portfolio\project-visual-studio\springproject\x64\debug\draw.nativecodeanalysis.xml
c:\users\di918039\source\repos\cs1pr-portfolio\project-visual-studio\springproject\x64\debug\entities.nativecodeanalysis.xml
c:\users\di918039\source\repos\cs1pr-portfolio\project-visual-studio\springproject\x64\debug\init.nativecodeanalysis.xml
c:\users\di918039\source\repos\cs1pr-portfolio\project-visual-studio\springproject\x64\debug\input.nativecodeanalysis.xml
c:\users\di918039\source\repos\cs1pr-portfolio\project-visual-studio\springproject\x64\debug\io.nativecodeanalysis.xml
c:\users\di918039\source\repos\cs1pr-portfolio\project-visual-studio\springproject\x64\debug\main.nativecodeanalysis.xml
c:\users\di918039\source\repos\cs1pr-portfolio\project-visual-studio\springproject\x64\debug\map.nativecodeanalysis.xml
c:\users\di918039\source\repos\cs1pr-portfolio\project-visual-studio\springproject\x64\debug\pizza.nativecodeanalysis.xml
c:\users\di918039\source\repos\cs1pr-portfolio\project-visual-studio\springproject\x64\debug\platform.nativecodeanalysis.xml
c:\users\di918039\source\repos\cs1pr-portfolio\project-visual-studio\springproject\x64\debug\player.nativecodeanalysis.xml
c:\users\di918039\source\repos\cs1pr-portfolio\project-visual-studio\springproject\x64\debug\sound.nativecodeanalysis.xml
c:\users\di918039\source\repos\cs1pr-portfolio\project-visual-studio\springproject\x64\debug\stage.nativecodeanalysis.xml
c:\users\di918039\source\repos\cs1pr-portfolio\project-visual-studio\springproject\x64\debug\text.nativecodeanalysis.xml
c:\users\di918039\source\repos\cs1pr-portfolio\project-visual-studio\springproject\x64\debug\textures.nativecodeanalysis.xml
c:\users\di918039\source\repos\cs1pr-portfolio\project-visual-studio\springproject\x64\debug\util.nativecodeanalysis.xml
c:\users\di918039\source\repos\cs1pr-portfolio\project-visual-studio\springproject\x64\debug\springproject.tlog\cl.command.1.tlog
c:\users\di918039\source\repos\cs1pr-portfolio\project-visual-studio\springproject\x64\debug\springproject.tlog\cl.read.1.tlog
c:\users\di918039\source\repos\cs1pr-portfolio\project-visual-studio\springproject\x64\debug\springproject.tlog\cl.write.1.tlog
c:\users\di918039\source\repos\cs1pr-portfolio\project-visual-studio\springproject\x64\debug\springproject.tlog\link.command.1.tlog
c:\users\di918039\source\repos\cs1pr-portfolio\project-visual-studio\springproject\x64\debug\springproject.tlog\link.read.1.tlog
c:\users\di918039\source\repos\cs1pr-portfolio\project-visual-studio\springproject\x64\debug\springproject.tlog\link.write.1.tlog
